2020-05-28 12:20:05,490 [Worker-3: Loading available Gradle versions] INFO  o.e.b.c.i.u.g.PublishedGradleVersions - Gradle version information cache is up-to-date. Trying to read.
2020-05-28 12:23:51,013 [Worker-5: Building] INFO  o.e.m.c.i.l.LifecycleMappingFactory - Using org.eclipse.m2e.jdt.JarLifecycleMapping lifecycle mapping for MavenProject: hr.fer.zemris.java.jmbag1191236512:hw02-1191236512:1.0 @ C:\Users\vkriz\Java\hw02-1191236512\pom.xml.
2020-05-28 12:23:53,952 [Worker-5: Building] INFO  o.e.m.c.i.embedder.EclipseLogger - Using 'UTF-8' encoding to copy filtered resources.
2020-05-28 12:23:53,953 [Worker-5: Building] INFO  o.e.m.c.i.embedder.EclipseLogger - skip non existing resourceDirectory C:\Users\vkriz\Java\hw02-1191236512\src\main\resources
2020-05-28 12:23:53,970 [Worker-5: Building] INFO  o.e.m.c.i.embedder.EclipseLogger - Using 'UTF-8' encoding to copy filtered resources.
2020-05-28 12:23:53,971 [Worker-5: Building] INFO  o.e.m.c.i.embedder.EclipseLogger - skip non existing resourceDirectory C:\Users\vkriz\Java\hw02-1191236512\src\test\resources
2020-05-28 12:23:54,899 [Worker-24: Building] INFO  o.e.m.c.i.embedder.EclipseLogger - Using 'UTF-8' encoding to copy filtered resources.
2020-05-28 12:23:54,900 [Worker-24: Building] INFO  o.e.m.c.i.embedder.EclipseLogger - skip non existing resourceDirectory C:\Users\vkriz\Java\hw02-1191236512\src\main\resources
2020-05-28 12:23:54,902 [Worker-24: Building] INFO  o.e.m.c.i.embedder.EclipseLogger - Using 'UTF-8' encoding to copy filtered resources.
2020-05-28 12:23:54,902 [Worker-24: Building] INFO  o.e.m.c.i.embedder.EclipseLogger - skip non existing resourceDirectory C:\Users\vkriz\Java\hw02-1191236512\src\test\resources
2020-05-28 12:23:56,012 [Worker-24: Building] INFO  o.e.m.c.i.l.LifecycleMappingFactory - Using org.eclipse.m2e.jdt.JarLifecycleMapping lifecycle mapping for MavenProject: hr.fer.zemris.java.jmbag1191236512:hw03-1191236512:1.0 @ C:\Users\vkriz\Java\hw03-1191236512\pom.xml.
2020-05-28 12:23:56,244 [Worker-24: Building] INFO  o.e.m.c.i.embedder.EclipseLogger - Using 'UTF-8' encoding to copy filtered resources.
2020-05-28 12:23:56,250 [Worker-24: Building] INFO  o.e.m.c.i.embedder.EclipseLogger - Copying 2 resources
2020-05-28 12:23:56,259 [Worker-24: Building] INFO  o.e.m.c.i.embedder.EclipseLogger - Using 'UTF-8' encoding to copy filtered resources.
2020-05-28 12:23:56,260 [Worker-24: Building] INFO  o.e.m.c.i.embedder.EclipseLogger - Copying 10 resources
2020-05-28 12:23:56,940 [Worker-24: Building] INFO  o.e.m.c.i.l.LifecycleMappingFactory - Using org.eclipse.m2e.jdt.JarLifecycleMapping lifecycle mapping for MavenProject: hr.fer.zemris.java.jmbag1191236512:hw04-1191236512:1.0 @ C:\Users\vkriz\Java\hw04-1191236512\pom.xml.
2020-05-28 12:23:57,119 [Worker-24: Building] INFO  o.e.m.c.i.embedder.EclipseLogger - Using 'UTF-8' encoding to copy filtered resources.
2020-05-28 12:23:57,119 [Worker-24: Building] INFO  o.e.m.c.i.embedder.EclipseLogger - skip non existing resourceDirectory C:\Users\vkriz\Java\hw04-1191236512\src\main\resources
2020-05-28 12:23:57,121 [Worker-24: Building] INFO  o.e.m.c.i.embedder.EclipseLogger - Using 'UTF-8' encoding to copy filtered resources.
2020-05-28 12:23:57,122 [Worker-24: Building] INFO  o.e.m.c.i.embedder.EclipseLogger - skip non existing resourceDirectory C:\Users\vkriz\Java\hw04-1191236512\src\test\resources
2020-05-28 12:23:58,289 [Worker-24: Building] INFO  o.e.m.c.i.l.LifecycleMappingFactory - Using org.eclipse.m2e.jdt.JarLifecycleMapping lifecycle mapping for MavenProject: hr.fer.zemris.java.jmbag1191236512:hw05-1191236512:1.0 @ C:\Users\vkriz\Java\hw05-1191236512\pom.xml.
2020-05-28 12:23:58,592 [Worker-24: Building] INFO  o.e.m.c.i.embedder.EclipseLogger - Using 'UTF-8' encoding to copy filtered resources.
2020-05-28 12:23:58,592 [Worker-24: Building] INFO  o.e.m.c.i.embedder.EclipseLogger - skip non existing resourceDirectory C:\Users\vkriz\Java\hw05-1191236512\src\main\resources
2020-05-28 12:23:58,595 [Worker-24: Building] INFO  o.e.m.c.i.embedder.EclipseLogger - Using 'UTF-8' encoding to copy filtered resources.
2020-05-28 12:23:58,595 [Worker-24: Building] INFO  o.e.m.c.i.embedder.EclipseLogger - skip non existing resourceDirectory C:\Users\vkriz\Java\hw05-1191236512\src\test\resources
2020-05-28 12:23:59,154 [Worker-24: Building] INFO  o.e.m.c.i.l.LifecycleMappingFactory - Using org.eclipse.m2e.jdt.JarLifecycleMapping lifecycle mapping for MavenProject: hr.fer.zemris.java.jmbag1191236512:hw06-1191236512:1.0 @ C:\Users\vkriz\Java\hw06-1191236512\pom.xml.
2020-05-28 12:23:59,398 [Worker-24: Building] INFO  o.e.m.c.i.embedder.EclipseLogger - Using 'UTF-8' encoding to copy filtered resources.
2020-05-28 12:23:59,399 [Worker-24: Building] INFO  o.e.m.c.i.embedder.EclipseLogger - skip non existing resourceDirectory C:\Users\vkriz\Java\hw06-1191236512\src\main\resources
2020-05-28 12:23:59,401 [Worker-24: Building] INFO  o.e.m.c.i.embedder.EclipseLogger - Using 'UTF-8' encoding to copy filtered resources.
2020-05-28 12:23:59,401 [Worker-24: Building] INFO  o.e.m.c.i.embedder.EclipseLogger - skip non existing resourceDirectory C:\Users\vkriz\Java\hw06-1191236512\src\test\resources
2020-05-28 12:23:59,881 [Worker-24: Building] INFO  o.e.m.c.i.l.LifecycleMappingFactory - Using org.eclipse.m2e.jdt.JarLifecycleMapping lifecycle mapping for MavenProject: hr.fer.zemris.java.jmbag1191236512:hw09-1191236512:1.0 @ C:\Users\vkriz\Java\hw09-1191236512\pom.xml.
2020-05-28 12:24:00,530 [Worker-24: Building] INFO  o.e.m.c.i.embedder.EclipseLogger - Using 'UTF-8' encoding to copy filtered resources.
2020-05-28 12:24:00,531 [Worker-24: Building] INFO  o.e.m.c.i.embedder.EclipseLogger - skip non existing resourceDirectory C:\Users\vkriz\Java\hw09-1191236512\src\main\resources
2020-05-28 12:24:00,533 [Worker-24: Building] INFO  o.e.m.c.i.embedder.EclipseLogger - Using 'UTF-8' encoding to copy filtered resources.
2020-05-28 12:24:00,534 [Worker-24: Building] INFO  o.e.m.c.i.embedder.EclipseLogger - skip non existing resourceDirectory C:\Users\vkriz\Java\hw09-1191236512\src\test\resources
2020-05-28 12:24:01,069 [Worker-24: Building] INFO  o.e.m.c.i.l.LifecycleMappingFactory - Using org.eclipse.m2e.jdt.JarLifecycleMapping lifecycle mapping for MavenProject: hr.fer.zemris.java.jmbag1191236512:hw10-1191236512:1.0 @ C:\Users\vkriz\Java\hw10-1191236512\pom.xml.
2020-05-28 12:24:01,278 [Worker-24: Building] INFO  o.e.m.c.i.embedder.EclipseLogger - Using 'UTF-8' encoding to copy filtered resources.
2020-05-28 12:24:01,278 [Worker-24: Building] INFO  o.e.m.c.i.embedder.EclipseLogger - skip non existing resourceDirectory C:\Users\vkriz\Java\hw10-1191236512\src\main\resources
2020-05-28 12:24:01,282 [Worker-24: Building] INFO  o.e.m.c.i.embedder.EclipseLogger - Using 'UTF-8' encoding to copy filtered resources.
2020-05-28 12:24:01,282 [Worker-24: Building] INFO  o.e.m.c.i.embedder.EclipseLogger - skip non existing resourceDirectory C:\Users\vkriz\Java\hw10-1191236512\src\test\resources
2020-05-28 12:24:01,888 [Worker-24: Building] INFO  o.e.m.c.i.l.LifecycleMappingFactory - Using org.eclipse.m2e.jdt.JarLifecycleMapping lifecycle mapping for MavenProject: hr.fer.zemris.java.jmbag1191236512:hw11-1191236512:1.0 @ C:\Users\vkriz\Java\hw11-1191236512\pom.xml.
2020-05-28 12:24:02,367 [Worker-24: Building] INFO  o.e.m.c.i.embedder.EclipseLogger - Using 'UTF-8' encoding to copy filtered resources.
2020-05-28 12:24:02,369 [Worker-24: Building] INFO  o.e.m.c.i.embedder.EclipseLogger - Copying 5 resources
2020-05-28 12:24:02,514 [Worker-24: Building] INFO  o.e.m.c.i.embedder.EclipseLogger - Using 'UTF-8' encoding to copy filtered resources.
2020-05-28 12:24:02,514 [Worker-24: Building] INFO  o.e.m.c.i.embedder.EclipseLogger - skip non existing resourceDirectory C:\Users\vkriz\Java\hw11-1191236512\src\test\resources
2020-05-28 12:24:04,314 [Worker-20: Building] INFO  o.e.m.c.i.embedder.EclipseLogger - Using 'UTF-8' encoding to copy filtered resources.
2020-05-28 12:24:04,318 [Worker-20: Building] INFO  o.e.m.c.i.embedder.EclipseLogger - Copying 2 resources
2020-05-28 12:24:04,320 [Worker-20: Building] INFO  o.e.m.c.i.embedder.EclipseLogger - Using 'UTF-8' encoding to copy filtered resources.
2020-05-28 12:24:04,322 [Worker-20: Building] INFO  o.e.m.c.i.embedder.EclipseLogger - Copying 10 resources
2020-05-28 12:24:04,986 [Worker-20: Building] INFO  o.e.m.c.i.embedder.EclipseLogger - Using 'UTF-8' encoding to copy filtered resources.
2020-05-28 12:24:04,987 [Worker-20: Building] INFO  o.e.m.c.i.embedder.EclipseLogger - skip non existing resourceDirectory C:\Users\vkriz\Java\hw04-1191236512\src\main\resources
2020-05-28 12:24:04,989 [Worker-20: Building] INFO  o.e.m.c.i.embedder.EclipseLogger - Using 'UTF-8' encoding to copy filtered resources.
2020-05-28 12:24:04,989 [Worker-20: Building] INFO  o.e.m.c.i.embedder.EclipseLogger - skip non existing resourceDirectory C:\Users\vkriz\Java\hw04-1191236512\src\test\resources
2020-05-28 12:24:05,719 [Worker-20: Building] INFO  o.e.m.c.i.embedder.EclipseLogger - Using 'UTF-8' encoding to copy filtered resources.
2020-05-28 12:24:05,719 [Worker-20: Building] INFO  o.e.m.c.i.embedder.EclipseLogger - skip non existing resourceDirectory C:\Users\vkriz\Java\hw05-1191236512\src\main\resources
2020-05-28 12:24:05,721 [Worker-20: Building] INFO  o.e.m.c.i.embedder.EclipseLogger - Using 'UTF-8' encoding to copy filtered resources.
2020-05-28 12:24:05,721 [Worker-20: Building] INFO  o.e.m.c.i.embedder.EclipseLogger - skip non existing resourceDirectory C:\Users\vkriz\Java\hw05-1191236512\src\test\resources
2020-05-28 12:24:06,082 [Worker-20: Building] INFO  o.e.m.c.i.embedder.EclipseLogger - Using 'UTF-8' encoding to copy filtered resources.
2020-05-28 12:24:06,083 [Worker-20: Building] INFO  o.e.m.c.i.embedder.EclipseLogger - skip non existing resourceDirectory C:\Users\vkriz\Java\hw06-1191236512\src\main\resources
2020-05-28 12:24:06,086 [Worker-20: Building] INFO  o.e.m.c.i.embedder.EclipseLogger - Using 'UTF-8' encoding to copy filtered resources.
2020-05-28 12:24:06,087 [Worker-20: Building] INFO  o.e.m.c.i.embedder.EclipseLogger - skip non existing resourceDirectory C:\Users\vkriz\Java\hw06-1191236512\src\test\resources
2020-05-28 12:24:06,485 [Worker-20: Building] INFO  o.e.m.c.i.embedder.EclipseLogger - Using 'UTF-8' encoding to copy filtered resources.
2020-05-28 12:24:06,485 [Worker-20: Building] INFO  o.e.m.c.i.embedder.EclipseLogger - skip non existing resourceDirectory C:\Users\vkriz\Java\hw09-1191236512\src\main\resources
2020-05-28 12:24:06,487 [Worker-20: Building] INFO  o.e.m.c.i.embedder.EclipseLogger - Using 'UTF-8' encoding to copy filtered resources.
2020-05-28 12:24:06,487 [Worker-20: Building] INFO  o.e.m.c.i.embedder.EclipseLogger - skip non existing resourceDirectory C:\Users\vkriz\Java\hw09-1191236512\src\test\resources
2020-05-28 12:24:07,068 [Worker-20: Building] INFO  o.e.m.c.i.embedder.EclipseLogger - Using 'UTF-8' encoding to copy filtered resources.
2020-05-28 12:24:07,068 [Worker-20: Building] INFO  o.e.m.c.i.embedder.EclipseLogger - skip non existing resourceDirectory C:\Users\vkriz\Java\hw10-1191236512\src\main\resources
2020-05-28 12:24:07,070 [Worker-20: Building] INFO  o.e.m.c.i.embedder.EclipseLogger - Using 'UTF-8' encoding to copy filtered resources.
2020-05-28 12:24:07,070 [Worker-20: Building] INFO  o.e.m.c.i.embedder.EclipseLogger - skip non existing resourceDirectory C:\Users\vkriz\Java\hw10-1191236512\src\test\resources
2020-05-28 12:24:07,448 [Worker-20: Building] INFO  o.e.m.c.i.embedder.EclipseLogger - Using 'UTF-8' encoding to copy filtered resources.
2020-05-28 12:24:07,452 [Worker-20: Building] INFO  o.e.m.c.i.embedder.EclipseLogger - Copying 5 resources
2020-05-28 12:24:07,478 [Worker-20: Building] INFO  o.e.m.c.i.embedder.EclipseLogger - Using 'UTF-8' encoding to copy filtered resources.
2020-05-28 12:24:07,478 [Worker-20: Building] INFO  o.e.m.c.i.embedder.EclipseLogger - skip non existing resourceDirectory C:\Users\vkriz\Java\hw11-1191236512\src\test\resources
2020-05-28 12:26:39,972 [Worker-25: Building] INFO  o.e.m.c.i.l.LifecycleMappingFactory - Using org.eclipse.m2e.jdt.JarLifecycleMapping lifecycle mapping for MavenProject: hr.fer.zemris.java.jmbag1191236512:hw02-1191236512:1.0 @ C:\Users\vkriz\Java Course\hw02-1191236512\pom.xml.
2020-05-28 12:26:40,599 [Worker-25: Building] INFO  o.e.m.c.i.embedder.EclipseLogger - Using 'UTF-8' encoding to copy filtered resources.
2020-05-28 12:26:40,599 [Worker-25: Building] INFO  o.e.m.c.i.embedder.EclipseLogger - skip non existing resourceDirectory C:\Users\vkriz\Java Course\hw02-1191236512\src\main\resources
2020-05-28 12:26:40,602 [Worker-25: Building] INFO  o.e.m.c.i.embedder.EclipseLogger - Using 'UTF-8' encoding to copy filtered resources.
2020-05-28 12:26:40,602 [Worker-25: Building] INFO  o.e.m.c.i.embedder.EclipseLogger - skip non existing resourceDirectory C:\Users\vkriz\Java Course\hw02-1191236512\src\test\resources
2020-05-28 12:26:41,070 [Worker-1: Building] INFO  o.e.m.c.i.embedder.EclipseLogger - Using 'UTF-8' encoding to copy filtered resources.
2020-05-28 12:26:41,070 [Worker-1: Building] INFO  o.e.m.c.i.embedder.EclipseLogger - skip non existing resourceDirectory C:\Users\vkriz\Java Course\hw02-1191236512\src\main\resources
2020-05-28 12:26:41,071 [Worker-1: Building] INFO  o.e.m.c.i.embedder.EclipseLogger - Using 'UTF-8' encoding to copy filtered resources.
2020-05-28 12:26:41,072 [Worker-1: Building] INFO  o.e.m.c.i.embedder.EclipseLogger - skip non existing resourceDirectory C:\Users\vkriz\Java Course\hw02-1191236512\src\test\resources
2020-05-28 12:26:41,567 [Worker-1: Building] INFO  o.e.m.c.i.l.LifecycleMappingFactory - Using org.eclipse.m2e.jdt.JarLifecycleMapping lifecycle mapping for MavenProject: hr.fer.zemris.java.jmbag1191236512:hw03-1191236512:1.0 @ C:\Users\vkriz\Java Course\hw03-1191236512\pom.xml.
2020-05-28 12:26:41,736 [Worker-1: Building] INFO  o.e.m.c.i.embedder.EclipseLogger - Using 'UTF-8' encoding to copy filtered resources.
2020-05-28 12:26:41,737 [Worker-1: Building] INFO  o.e.m.c.i.embedder.EclipseLogger - Copying 2 resources
2020-05-28 12:26:41,744 [Worker-1: Building] INFO  o.e.m.c.i.embedder.EclipseLogger - Using 'UTF-8' encoding to copy filtered resources.
2020-05-28 12:26:41,745 [Worker-1: Building] INFO  o.e.m.c.i.embedder.EclipseLogger - Copying 10 resources
2020-05-28 12:26:42,461 [Worker-1: Building] INFO  o.e.m.c.i.l.LifecycleMappingFactory - Using org.eclipse.m2e.jdt.JarLifecycleMapping lifecycle mapping for MavenProject: hr.fer.zemris.java.jmbag1191236512:hw04-1191236512:1.0 @ C:\Users\vkriz\Java Course\hw04-1191236512\pom.xml.
2020-05-28 12:26:42,623 [Worker-1: Building] INFO  o.e.m.c.i.embedder.EclipseLogger - Using 'UTF-8' encoding to copy filtered resources.
2020-05-28 12:26:42,623 [Worker-1: Building] INFO  o.e.m.c.i.embedder.EclipseLogger - skip non existing resourceDirectory C:\Users\vkriz\Java Course\hw04-1191236512\src\main\resources
2020-05-28 12:26:42,625 [Worker-1: Building] INFO  o.e.m.c.i.embedder.EclipseLogger - Using 'UTF-8' encoding to copy filtered resources.
2020-05-28 12:26:42,625 [Worker-1: Building] INFO  o.e.m.c.i.embedder.EclipseLogger - skip non existing resourceDirectory C:\Users\vkriz\Java Course\hw04-1191236512\src\test\resources
2020-05-28 12:26:43,327 [Worker-23: Building] INFO  o.e.m.c.i.embedder.EclipseLogger - Using 'UTF-8' encoding to copy filtered resources.
2020-05-28 12:26:43,329 [Worker-23: Building] INFO  o.e.m.c.i.embedder.EclipseLogger - Copying 2 resources
2020-05-28 12:26:43,331 [Worker-23: Building] INFO  o.e.m.c.i.embedder.EclipseLogger - Using 'UTF-8' encoding to copy filtered resources.
2020-05-28 12:26:43,332 [Worker-23: Building] INFO  o.e.m.c.i.embedder.EclipseLogger - Copying 10 resources
2020-05-28 12:26:43,712 [Worker-23: Building] INFO  o.e.m.c.i.embedder.EclipseLogger - Using 'UTF-8' encoding to copy filtered resources.
2020-05-28 12:26:43,712 [Worker-23: Building] INFO  o.e.m.c.i.embedder.EclipseLogger - skip non existing resourceDirectory C:\Users\vkriz\Java Course\hw04-1191236512\src\main\resources
2020-05-28 12:26:43,714 [Worker-23: Building] INFO  o.e.m.c.i.embedder.EclipseLogger - Using 'UTF-8' encoding to copy filtered resources.
2020-05-28 12:26:43,714 [Worker-23: Building] INFO  o.e.m.c.i.embedder.EclipseLogger - skip non existing resourceDirectory C:\Users\vkriz\Java Course\hw04-1191236512\src\test\resources
2020-05-28 12:26:44,480 [Worker-23: Building] INFO  o.e.m.c.i.l.LifecycleMappingFactory - Using org.eclipse.m2e.jdt.JarLifecycleMapping lifecycle mapping for MavenProject: hr.fer.zemris.java.jmbag1191236512:hw05-1191236512:1.0 @ C:\Users\vkriz\Java Course\hw05-1191236512\pom.xml.
2020-05-28 12:26:44,738 [Worker-23: Building] INFO  o.e.m.c.i.embedder.EclipseLogger - Using 'UTF-8' encoding to copy filtered resources.
2020-05-28 12:26:44,738 [Worker-23: Building] INFO  o.e.m.c.i.embedder.EclipseLogger - skip non existing resourceDirectory C:\Users\vkriz\Java Course\hw05-1191236512\src\main\resources
2020-05-28 12:26:44,740 [Worker-23: Building] INFO  o.e.m.c.i.embedder.EclipseLogger - Using 'UTF-8' encoding to copy filtered resources.
2020-05-28 12:26:44,740 [Worker-23: Building] INFO  o.e.m.c.i.embedder.EclipseLogger - skip non existing resourceDirectory C:\Users\vkriz\Java Course\hw05-1191236512\src\test\resources
2020-05-28 12:26:45,456 [Worker-28: Building] INFO  o.e.m.c.i.embedder.EclipseLogger - Using 'UTF-8' encoding to copy filtered resources.
2020-05-28 12:26:45,456 [Worker-28: Building] INFO  o.e.m.c.i.embedder.EclipseLogger - skip non existing resourceDirectory C:\Users\vkriz\Java Course\hw05-1191236512\src\main\resources
2020-05-28 12:26:45,459 [Worker-28: Building] INFO  o.e.m.c.i.embedder.EclipseLogger - Using 'UTF-8' encoding to copy filtered resources.
2020-05-28 12:26:45,459 [Worker-28: Building] INFO  o.e.m.c.i.embedder.EclipseLogger - skip non existing resourceDirectory C:\Users\vkriz\Java Course\hw05-1191236512\src\test\resources
2020-05-28 12:26:46,051 [Worker-28: Building] INFO  o.e.m.c.i.l.LifecycleMappingFactory - Using org.eclipse.m2e.jdt.JarLifecycleMapping lifecycle mapping for MavenProject: hr.fer.zemris.java.jmbag1191236512:hw06-1191236512:1.0 @ C:\Users\vkriz\Java Course\hw06-1191236512\pom.xml.
2020-05-28 12:26:46,283 [Worker-28: Building] INFO  o.e.m.c.i.embedder.EclipseLogger - Using 'UTF-8' encoding to copy filtered resources.
2020-05-28 12:26:46,284 [Worker-28: Building] INFO  o.e.m.c.i.embedder.EclipseLogger - skip non existing resourceDirectory C:\Users\vkriz\Java Course\hw06-1191236512\src\main\resources
2020-05-28 12:26:46,285 [Worker-28: Building] INFO  o.e.m.c.i.embedder.EclipseLogger - Using 'UTF-8' encoding to copy filtered resources.
2020-05-28 12:26:46,286 [Worker-28: Building] INFO  o.e.m.c.i.embedder.EclipseLogger - skip non existing resourceDirectory C:\Users\vkriz\Java Course\hw06-1191236512\src\test\resources
2020-05-28 12:26:46,620 [Worker-28: Building] INFO  o.e.m.c.i.l.LifecycleMappingFactory - Using org.eclipse.m2e.jdt.JarLifecycleMapping lifecycle mapping for MavenProject: hr.fer.zemris.java.jmbag1191236512:hw09-1191236512:1.0 @ C:\Users\vkriz\Java Course\hw09-1191236512\pom.xml.
2020-05-28 12:26:46,836 [Worker-28: Building] INFO  o.e.m.c.i.embedder.EclipseLogger - Using 'UTF-8' encoding to copy filtered resources.
2020-05-28 12:26:46,836 [Worker-28: Building] INFO  o.e.m.c.i.embedder.EclipseLogger - skip non existing resourceDirectory C:\Users\vkriz\Java Course\hw09-1191236512\src\main\resources
2020-05-28 12:26:46,837 [Worker-28: Building] INFO  o.e.m.c.i.embedder.EclipseLogger - Using 'UTF-8' encoding to copy filtered resources.
2020-05-28 12:26:46,838 [Worker-28: Building] INFO  o.e.m.c.i.embedder.EclipseLogger - skip non existing resourceDirectory C:\Users\vkriz\Java Course\hw09-1191236512\src\test\resources
2020-05-28 12:26:47,330 [Worker-24: Building] INFO  o.e.m.c.i.embedder.EclipseLogger - Using 'UTF-8' encoding to copy filtered resources.
2020-05-28 12:26:47,330 [Worker-24: Building] INFO  o.e.m.c.i.embedder.EclipseLogger - skip non existing resourceDirectory C:\Users\vkriz\Java Course\hw06-1191236512\src\main\resources
2020-05-28 12:26:47,332 [Worker-24: Building] INFO  o.e.m.c.i.embedder.EclipseLogger - Using 'UTF-8' encoding to copy filtered resources.
2020-05-28 12:26:47,332 [Worker-24: Building] INFO  o.e.m.c.i.embedder.EclipseLogger - skip non existing resourceDirectory C:\Users\vkriz\Java Course\hw06-1191236512\src\test\resources
2020-05-28 12:26:47,558 [Worker-24: Building] INFO  o.e.m.c.i.embedder.EclipseLogger - Using 'UTF-8' encoding to copy filtered resources.
2020-05-28 12:26:47,558 [Worker-24: Building] INFO  o.e.m.c.i.embedder.EclipseLogger - skip non existing resourceDirectory C:\Users\vkriz\Java Course\hw09-1191236512\src\main\resources
2020-05-28 12:26:47,559 [Worker-24: Building] INFO  o.e.m.c.i.embedder.EclipseLogger - Using 'UTF-8' encoding to copy filtered resources.
2020-05-28 12:26:47,560 [Worker-24: Building] INFO  o.e.m.c.i.embedder.EclipseLogger - skip non existing resourceDirectory C:\Users\vkriz\Java Course\hw09-1191236512\src\test\resources
2020-05-28 12:26:48,126 [Worker-24: Building] INFO  o.e.m.c.i.l.LifecycleMappingFactory - Using org.eclipse.m2e.jdt.JarLifecycleMapping lifecycle mapping for MavenProject: hr.fer.zemris.java.jmbag1191236512:hw10-1191236512:1.0 @ C:\Users\vkriz\Java Course\hw10-1191236512\pom.xml.
2020-05-28 12:26:48,323 [Worker-24: Building] INFO  o.e.m.c.i.embedder.EclipseLogger - Using 'UTF-8' encoding to copy filtered resources.
2020-05-28 12:26:48,323 [Worker-24: Building] INFO  o.e.m.c.i.embedder.EclipseLogger - skip non existing resourceDirectory C:\Users\vkriz\Java Course\hw10-1191236512\src\main\resources
2020-05-28 12:26:48,324 [Worker-24: Building] INFO  o.e.m.c.i.embedder.EclipseLogger - Using 'UTF-8' encoding to copy filtered resources.
2020-05-28 12:26:48,325 [Worker-24: Building] INFO  o.e.m.c.i.embedder.EclipseLogger - skip non existing resourceDirectory C:\Users\vkriz\Java Course\hw10-1191236512\src\test\resources
2020-05-28 12:26:48,658 [Worker-24: Building] INFO  o.e.m.c.i.l.LifecycleMappingFactory - Using org.eclipse.m2e.jdt.JarLifecycleMapping lifecycle mapping for MavenProject: hr.fer.zemris.java.jmbag1191236512:hw11-1191236512:1.0 @ C:\Users\vkriz\Java Course\hw11-1191236512\pom.xml.
2020-05-28 12:26:48,831 [Worker-24: Building] INFO  o.e.m.c.i.embedder.EclipseLogger - Using 'UTF-8' encoding to copy filtered resources.
2020-05-28 12:26:48,831 [Worker-24: Building] INFO  o.e.m.c.i.embedder.EclipseLogger - Copying 5 resources
2020-05-28 12:26:48,894 [Worker-24: Building] INFO  o.e.m.c.i.embedder.EclipseLogger - Using 'UTF-8' encoding to copy filtered resources.
2020-05-28 12:26:48,895 [Worker-24: Building] INFO  o.e.m.c.i.embedder.EclipseLogger - skip non existing resourceDirectory C:\Users\vkriz\Java Course\hw11-1191236512\src\test\resources
2020-05-28 12:26:50,426 [Worker-20: Building] INFO  o.e.m.c.i.embedder.EclipseLogger - Using 'UTF-8' encoding to copy filtered resources.
2020-05-28 12:26:50,426 [Worker-20: Building] INFO  o.e.m.c.i.embedder.EclipseLogger - skip non existing resourceDirectory C:\Users\vkriz\Java Course\hw10-1191236512\src\main\resources
2020-05-28 12:26:50,427 [Worker-20: Building] INFO  o.e.m.c.i.embedder.EclipseLogger - Using 'UTF-8' encoding to copy filtered resources.
2020-05-28 12:26:50,428 [Worker-20: Building] INFO  o.e.m.c.i.embedder.EclipseLogger - skip non existing resourceDirectory C:\Users\vkriz\Java Course\hw10-1191236512\src\test\resources
2020-05-28 12:26:50,759 [Worker-20: Building] INFO  o.e.m.c.i.embedder.EclipseLogger - Using 'UTF-8' encoding to copy filtered resources.
2020-05-28 12:26:50,762 [Worker-20: Building] INFO  o.e.m.c.i.embedder.EclipseLogger - Copying 5 resources
2020-05-28 12:26:50,793 [Worker-20: Building] INFO  o.e.m.c.i.embedder.EclipseLogger - Using 'UTF-8' encoding to copy filtered resources.
2020-05-28 12:26:50,793 [Worker-20: Building] INFO  o.e.m.c.i.embedder.EclipseLogger - skip non existing resourceDirectory C:\Users\vkriz\Java Course\hw11-1191236512\src\test\resources
2020-05-28 12:34:01,865 [Worker-24: Building] INFO  o.e.m.c.i.embedder.EclipseLogger - Using 'UTF-8' encoding to copy filtered resources.
2020-05-28 12:34:01,865 [Worker-24: Building] INFO  o.e.m.c.i.embedder.EclipseLogger - skip non existing resourceDirectory C:\Users\vkriz\Java Course\hw02-1191236512\src\main\resources
2020-05-28 12:34:01,867 [Worker-24: Building] INFO  o.e.m.c.i.embedder.EclipseLogger - Using 'UTF-8' encoding to copy filtered resources.
2020-05-28 12:34:01,867 [Worker-24: Building] INFO  o.e.m.c.i.embedder.EclipseLogger - skip non existing resourceDirectory C:\Users\vkriz\Java Course\hw02-1191236512\src\test\resources
